<?xml version="1.0" encoding="UTF-8"?>
<testsuites name="TS02_AddToCartWithoutLogin" time="14.436" tests="1" failures="0" errors="0">
   <testsuite name="TS02_AddToCartWithoutLogin" tests="1" failures="0" errors="0" time="14.436" skipped="0" timestamp="03-03-2024T15:36:47" hostname="YV767ZA - IN3235365W2.ey.net" id="Test Suites/TS02_AddToCartWithoutLogin">
      <properties>
         <property name="deviceName" value=""/>
         <property name="devicePlatform" value=""/>
         <property name="logFolder" value="C:\\Users\\YV767ZA\\git\\WeekendRepo\\Reports\\20240303_153641\\TS02_AddToCartWithoutLogin\\20240303_153641"/>
         <property name="logFiles" value="C:\\Users\\YV767ZA\\git\\WeekendRepo\\Reports\\20240303_153641\\TS02_AddToCartWithoutLogin\\20240303_153641\\execution0.log"/>
         <property name="attachments" value=""/>
         <property name="hostName" value="YV767ZA - IN3235365W2.ey.net"/>
         <property name="os" value="Windows 10 64bit"/>
         <property name="katalonVersion" value="9.3.1.212"/>
         <property name="browser" value="Edge Chromium 122"/>
         <property name="hostAddress" value="192.168.1.7"/>
         <property name="sessionId" value="7df7766dfac48ab9c8abfe50265a48d5"/>
         <property name="seleniumVersion" value="3.141.59"/>
         <property name="proxyInformation" value="ProxyInformation { proxyOption=NO_PROXY, proxyServerType=HTTP, username=, password=********, proxyServerAddress=, proxyServerPort=0, executionList=&quot;&quot;, isApplyToDesiredCapabilities=true }"/>
         <property name="platform" value="Windows 10"/>
      </properties>
      <testcase name="Test Cases/TC02_AddToCartWithoutLogin" time="14.217" classname="Test Cases/TC02_AddToCartWithoutLogin" status="PASSED">
         <system-out><![CDATA[03-03-2024T15:36:47 - [TEST_CASE][PASSED] - Test Cases/TC02_AddToCartWithoutLogin: Test Cases/TC02_AddToCartWithoutLogin

03-03-2024T15:36:48 - [TEST_STEP][PASSED] - openBrowser(""): Browser is opened with url: ''

03-03-2024T15:36:48 - [MESSAGE][INFO] - Starting 'Edge Chromium' driver

03-03-2024T15:36:51 - [MESSAGE][INFO] - Action delay is set to 0 milliseconds

03-03-2024T15:36:54 - [MESSAGE][PASSED] - Browser is opened with url: ''

03-03-2024T15:36:54 - [TEST_STEP][PASSED] - navigateToUrl("https://petstore.octoperf.com/"): Navigate to 'https://petstore.octoperf.com/' successfully

03-03-2024T15:36:56 - [MESSAGE][PASSED] - Navigate to 'https://petstore.octoperf.com/' successfully

03-03-2024T15:36:56 - [TEST_STEP][PASSED] - maximizeWindow(): Current window maximized

03-03-2024T15:36:56 - [MESSAGE][PASSED] - Current window maximized

03-03-2024T15:36:56 - [TEST_STEP][PASSED] - click(findTestObject("Object Repository/Page_JPetStore Demo/a_Enter the Store")): Object: 'Object Repository/Page_JPetStore Demo/a_Enter the Store' is clicked on

03-03-2024T15:36:58 - [MESSAGE][PASSED] - Object: 'Object Repository/Page_JPetStore Demo/a_Enter the Store' is clicked on

03-03-2024T15:36:58 - [TEST_STEP][PASSED] - click(findTestObject("Object Repository/Page_JPetStore Demo/FishImg")): Object: 'Object Repository/Page_JPetStore Demo/FishImg' is clicked on

03-03-2024T15:36:58 - [MESSAGE][PASSED] - Object: 'Object Repository/Page_JPetStore Demo/FishImg' is clicked on

03-03-2024T15:36:58 - [TEST_STEP][PASSED] - click(findTestObject("Object Repository/Page_JPetStore Demo/a_FI-SW-01")): Object: 'Object Repository/Page_JPetStore Demo/a_FI-SW-01' is clicked on

03-03-2024T15:36:59 - [MESSAGE][PASSED] - Object: 'Object Repository/Page_JPetStore Demo/a_FI-SW-01' is clicked on

03-03-2024T15:36:59 - [TEST_STEP][PASSED] - click(findTestObject("Object Repository/Page_JPetStore Demo/a_Add to Cart")): Object: 'Object Repository/Page_JPetStore Demo/a_Add to Cart' is clicked on

03-03-2024T15:37:00 - [MESSAGE][PASSED] - Object: 'Object Repository/Page_JPetStore Demo/a_Add to Cart' is clicked on

03-03-2024T15:37:00 - [TEST_STEP][PASSED] - rightClick(findTestObject("Object Repository/Page_JPetStore Demo/td_EST-1")): Object: 'Object Repository/Page_JPetStore Demo/td_EST-1' is right clicked on

03-03-2024T15:37:00 - [MESSAGE][PASSED] - Object: 'Object Repository/Page_JPetStore Demo/td_EST-1' is right clicked on

03-03-2024T15:37:00 - [TEST_STEP][PASSED] - click(findTestObject("Object Repository/Page_JPetStore Demo/div_Shopping CartItem IDProduct IDDescripti_f30008")): Object: 'Object Repository/Page_JPetStore Demo/div_Shopping CartItem IDProduct IDDescripti_f30008' is clicked on

03-03-2024T15:37:01 - [MESSAGE][PASSED] - Object: 'Object Repository/Page_JPetStore Demo/div_Shopping CartItem IDProduct IDDescripti_f30008' is clicked on

03-03-2024T15:37:01 - [TEST_STEP][PASSED] - verifyElementText(findTestObject("Object Repository/Page_JPetStore Demo/a_EST-1"), "EST-1"): Actual text and expected text of test object 'Object Repository/Page_JPetStore Demo/a_EST-1' are matched.

03-03-2024T15:37:01 - [MESSAGE][PASSED] - Actual text and expected text of test object 'Object Repository/Page_JPetStore Demo/a_EST-1' are matched.

03-03-2024T15:37:01 - [TEST_STEP][PASSED] - closeBrowser(): Browser is closed

03-03-2024T15:37:01 - [MESSAGE][PASSED] - Browser is closed]]></system-out>
         <system-err><![CDATA[]]></system-err>
      </testcase>
      <system-out><![CDATA[03-03-2024T15:36:47 - [TEST_SUITE][PASSED] - TS02_AddToCartWithoutLogin: Test Cases/TC02_AddToCartWithoutLogin]]></system-out>
      <system-err><![CDATA[]]></system-err>
   </testsuite>
</testsuites>
