<?xml version="1.0" encoding="UTF-8"?>
<testsuites name="TS01_LoginFunctionality" time="20.986" tests="1" failures="0" errors="0">
   <testsuite name="TS01_LoginFunctionality" tests="1" failures="0" errors="0" time="20.986" skipped="0" timestamp="03-03-2024T15:11:12" hostname="YV767ZA - IN3235365W2.ey.net" id="Test Suites/TS01_LoginFunctionality">
      <properties>
         <property name="deviceName" value=""/>
         <property name="devicePlatform" value=""/>
         <property name="logFolder" value="C:\\Users\\YV767ZA\\git\\WeekendRepo\\Reports\\20240303_151100\\TS01_LoginFunctionality\\20240303_151100"/>
         <property name="logFiles" value="C:\\Users\\YV767ZA\\git\\WeekendRepo\\Reports\\20240303_151100\\TS01_LoginFunctionality\\20240303_151100\\execution0.log"/>
         <property name="attachments" value=""/>
         <property name="hostName" value="YV767ZA - IN3235365W2.ey.net"/>
         <property name="os" value="Windows 10 64bit"/>
         <property name="katalonVersion" value="9.3.1.212"/>
         <property name="browser" value="Edge Chromium 122"/>
         <property name="hostAddress" value="192.168.1.7"/>
         <property name="sessionId" value="38a432c1f146f8c349f544d428f2ef70"/>
         <property name="seleniumVersion" value="3.141.59"/>
         <property name="proxyInformation" value="ProxyInformation { proxyOption=NO_PROXY, proxyServerType=HTTP, username=, password=********, proxyServerAddress=, proxyServerPort=0, executionList=&quot;&quot;, isApplyToDesiredCapabilities=true }"/>
         <property name="platform" value="Windows 10"/>
      </properties>
      <testcase name="Test Cases/TC01_VerifyLoginFunctionality" time="20.6" classname="Test Cases/TC01_VerifyLoginFunctionality" status="PASSED">
         <system-out><![CDATA[03-03-2024T15:11:12 - [TEST_CASE][PASSED] - Test Cases/TC01_VerifyLoginFunctionality: Test Cases/TC01_VerifyLoginFunctionality

03-03-2024T15:11:13 - [TEST_STEP][PASSED] - openBrowser(""): Browser is opened with url: ''

03-03-2024T15:11:13 - [MESSAGE][INFO] - Starting 'Edge Chromium' driver

03-03-2024T15:11:17 - [MESSAGE][INFO] - Action delay is set to 0 milliseconds

03-03-2024T15:11:23 - [MESSAGE][PASSED] - Browser is opened with url: ''

03-03-2024T15:11:23 - [TEST_STEP][PASSED] - navigateToUrl("https://petstore.octoperf.com/"): Navigate to 'https://petstore.octoperf.com/' successfully

03-03-2024T15:11:25 - [MESSAGE][PASSED] - Navigate to 'https://petstore.octoperf.com/' successfully

03-03-2024T15:11:25 - [TEST_STEP][PASSED] - click(findTestObject("Object Repository/Page_JPetStore Demo/a_Enter the Store")): Object: 'Object Repository/Page_JPetStore Demo/a_Enter the Store' is clicked on

03-03-2024T15:11:27 - [MESSAGE][PASSED] - Object: 'Object Repository/Page_JPetStore Demo/a_Enter the Store' is clicked on

03-03-2024T15:11:27 - [TEST_STEP][PASSED] - verifyElementText(findTestObject("Object Repository/Page_JPetStore Demo/a_Sign In"), "Sign In"): Actual text and expected text of test object 'Object Repository/Page_JPetStore Demo/a_Sign In' are matched.

03-03-2024T15:11:28 - [MESSAGE][PASSED] - Actual text and expected text of test object 'Object Repository/Page_JPetStore Demo/a_Sign In' are matched.

03-03-2024T15:11:28 - [TEST_STEP][PASSED] - click(findTestObject("Object Repository/Page_JPetStore Demo/a_Sign In")): Object: 'Object Repository/Page_JPetStore Demo/a_Sign In' is clicked on

03-03-2024T15:11:28 - [MESSAGE][PASSED] - Object: 'Object Repository/Page_JPetStore Demo/a_Sign In' is clicked on

03-03-2024T15:11:28 - [TEST_STEP][PASSED] - setText(findTestObject("Object Repository/Page_JPetStore Demo/input_Need a user name and password_username"), "Pushp"): Text 'Pushp' is set on object 'Object Repository/Page_JPetStore Demo/input_Need a user name and password_username'

03-03-2024T15:11:29 - [MESSAGE][PASSED] - Text 'Pushp' is set on object 'Object Repository/Page_JPetStore Demo/input_Need a user name and password_username'

03-03-2024T15:11:29 - [TEST_STEP][PASSED] - setEncryptedText(findTestObject("Object Repository/Page_JPetStore Demo/input_Need a user name and password_password"), "iGDxf8hSRT4="): Text ****** has been set on object 'Object Repository/Page_JPetStore Demo/input_Need a user name and password_password'

03-03-2024T15:11:30 - [MESSAGE][PASSED] - Text ****** has been set on object 'Object Repository/Page_JPetStore Demo/input_Need a user name and password_password'

03-03-2024T15:11:30 - [TEST_STEP][PASSED] - click(findTestObject("Object Repository/Page_JPetStore Demo/input_Need a user name and password_signon")): Object: 'Object Repository/Page_JPetStore Demo/input_Need a user name and password_signon' is clicked on

03-03-2024T15:11:31 - [MESSAGE][PASSED] - Object: 'Object Repository/Page_JPetStore Demo/input_Need a user name and password_signon' is clicked on

03-03-2024T15:11:31 - [TEST_STEP][PASSED] - verifyElementText(findTestObject("Object Repository/Page_JPetStore Demo/div_Welcome Pushp"), "Welcome Pushp!"): Actual text and expected text of test object 'Object Repository/Page_JPetStore Demo/div_Welcome Pushp' are matched.

03-03-2024T15:11:32 - [MESSAGE][PASSED] - Actual text and expected text of test object 'Object Repository/Page_JPetStore Demo/div_Welcome Pushp' are matched.

03-03-2024T15:11:32 - [TEST_STEP][PASSED] - closeBrowser(): Browser is closed

03-03-2024T15:11:33 - [MESSAGE][PASSED] - Browser is closed]]></system-out>
         <system-err><![CDATA[]]></system-err>
      </testcase>
      <system-out><![CDATA[03-03-2024T15:11:12 - [TEST_SUITE][PASSED] - TS01_LoginFunctionality: Test Cases/TC01_VerifyLoginFunctionality]]></system-out>
      <system-err><![CDATA[]]></system-err>
   </testsuite>
</testsuites>
