<?xml version="1.0" encoding="UTF-8"?>
<testsuites name="TS03_AddToCartThroughSerachBox" time="25.551" tests="1" failures="0" errors="0">
   <testsuite name="TS03_AddToCartThroughSerachBox" tests="1" failures="0" errors="0" time="25.551" skipped="0" timestamp="03-03-2024T15:55:36" hostname="YV767ZA - IN3235365W2.ey.net" id="Test Suites/TS03_AddToCartThroughSerachBox">
      <properties>
         <property name="deviceName" value=""/>
         <property name="devicePlatform" value=""/>
         <property name="logFolder" value="C:\\Users\\YV767ZA\\git\\WeekendRepo\\Reports\\20240303_155527\\TS03_AddToCartThroughSerachBox\\20240303_155527"/>
         <property name="logFiles" value="C:\\Users\\YV767ZA\\git\\WeekendRepo\\Reports\\20240303_155527\\TS03_AddToCartThroughSerachBox\\20240303_155527\\execution0.log"/>
         <property name="attachments" value=""/>
         <property name="hostName" value="YV767ZA - IN3235365W2.ey.net"/>
         <property name="os" value="Windows 10 64bit"/>
         <property name="katalonVersion" value="9.3.1.212"/>
         <property name="browser" value="Edge Chromium 122"/>
         <property name="hostAddress" value="192.168.1.7"/>
         <property name="sessionId" value="d17896f4e42bf3b1bffd9849d395b3ac"/>
         <property name="seleniumVersion" value="3.141.59"/>
         <property name="proxyInformation" value="ProxyInformation { proxyOption=NO_PROXY, proxyServerType=HTTP, username=, password=********, proxyServerAddress=, proxyServerPort=0, executionList=&quot;&quot;, isApplyToDesiredCapabilities=true }"/>
         <property name="platform" value="Windows 10"/>
      </properties>
      <testcase name="Test Cases/TC03_AddToCartAfterLoginThroughSearchBox" time="25.11" classname="Test Cases/TC03_AddToCartAfterLoginThroughSearchBox" status="PASSED">
         <system-out><![CDATA[03-03-2024T15:55:37 - [TEST_CASE][PASSED] - Test Cases/TC03_AddToCartAfterLoginThroughSearchBox: Test Cases/TC03_AddToCartAfterLoginThroughSearchBox

03-03-2024T15:55:37 - [TEST_STEP][PASSED] - openBrowser(""): Browser is opened with url: ''

03-03-2024T15:55:38 - [MESSAGE][INFO] - Starting 'Edge Chromium' driver

03-03-2024T15:55:42 - [MESSAGE][INFO] - Action delay is set to 0 milliseconds

03-03-2024T15:55:46 - [MESSAGE][PASSED] - Browser is opened with url: ''

03-03-2024T15:55:46 - [TEST_STEP][PASSED] - navigateToUrl("https://petstore.octoperf.com/"): Navigate to 'https://petstore.octoperf.com/' successfully

03-03-2024T15:55:48 - [MESSAGE][PASSED] - Navigate to 'https://petstore.octoperf.com/' successfully

03-03-2024T15:55:48 - [TEST_STEP][PASSED] - maximizeWindow(): Current window maximized

03-03-2024T15:55:48 - [MESSAGE][PASSED] - Current window maximized

03-03-2024T15:55:48 - [TEST_STEP][PASSED] - click(findTestObject("Object Repository/Page_JPetStore Demo/a_Enter the Store")): Object: 'Object Repository/Page_JPetStore Demo/a_Enter the Store' is clicked on

03-03-2024T15:55:50 - [MESSAGE][PASSED] - Object: 'Object Repository/Page_JPetStore Demo/a_Enter the Store' is clicked on

03-03-2024T15:55:50 - [TEST_STEP][PASSED] - click(findTestObject("Object Repository/Page_JPetStore Demo/a_Sign In")): Object: 'Object Repository/Page_JPetStore Demo/a_Sign In' is clicked on

03-03-2024T15:55:51 - [MESSAGE][PASSED] - Object: 'Object Repository/Page_JPetStore Demo/a_Sign In' is clicked on

03-03-2024T15:55:51 - [TEST_STEP][PASSED] - setText(findTestObject("Object Repository/Page_JPetStore Demo/username"), "Pushp"): Text 'Pushp' is set on object 'Object Repository/Page_JPetStore Demo/username'

03-03-2024T15:55:52 - [MESSAGE][PASSED] - Text 'Pushp' is set on object 'Object Repository/Page_JPetStore Demo/username'

03-03-2024T15:55:52 - [TEST_STEP][PASSED] - setEncryptedText(findTestObject("Object Repository/Page_JPetStore Demo/password"), "iGDxf8hSRT4="): Text ****** has been set on object 'Object Repository/Page_JPetStore Demo/password'

03-03-2024T15:55:52 - [MESSAGE][PASSED] - Text ****** has been set on object 'Object Repository/Page_JPetStore Demo/password'

03-03-2024T15:55:52 - [TEST_STEP][PASSED] - click(findTestObject("Object Repository/Page_JPetStore Demo/input_Need a user name and password_signon")): Object: 'Object Repository/Page_JPetStore Demo/input_Need a user name and password_signon' is clicked on

03-03-2024T15:55:54 - [MESSAGE][PASSED] - Object: 'Object Repository/Page_JPetStore Demo/input_Need a user name and password_signon' is clicked on

03-03-2024T15:55:54 - [TEST_STEP][PASSED] - setText(findTestObject("Object Repository/Page_JPetStore Demo/searchText"), "Fish"): Text 'Fish' is set on object 'Object Repository/Page_JPetStore Demo/searchText'

03-03-2024T15:55:55 - [MESSAGE][PASSED] - Text 'Fish' is set on object 'Object Repository/Page_JPetStore Demo/searchText'

03-03-2024T15:55:55 - [TEST_STEP][PASSED] - click(findTestObject("Object Repository/Page_JPetStore Demo/searchButton")): Object: 'Object Repository/Page_JPetStore Demo/searchButton' is clicked on

03-03-2024T15:55:56 - [MESSAGE][PASSED] - Object: 'Object Repository/Page_JPetStore Demo/searchButton' is clicked on

03-03-2024T15:55:56 - [TEST_STEP][PASSED] - click(findTestObject("Object Repository/Page_JPetStore Demo/font_FI-FW-02")): Object: 'Object Repository/Page_JPetStore Demo/font_FI-FW-02' is clicked on

03-03-2024T15:55:57 - [MESSAGE][PASSED] - Object: 'Object Repository/Page_JPetStore Demo/font_FI-FW-02' is clicked on

03-03-2024T15:55:57 - [TEST_STEP][PASSED] - click(findTestObject("Object Repository/Page_JPetStore Demo/a_Add to Cart")): Object: 'Object Repository/Page_JPetStore Demo/a_Add to Cart' is clicked on

03-03-2024T15:55:58 - [MESSAGE][PASSED] - Object: 'Object Repository/Page_JPetStore Demo/a_Add to Cart' is clicked on

03-03-2024T15:55:58 - [TEST_STEP][PASSED] - click(findTestObject("Object Repository/Page_JPetStore Demo/a_Proceed to Checkout")): Object: 'Object Repository/Page_JPetStore Demo/a_Proceed to Checkout' is clicked on

03-03-2024T15:55:59 - [MESSAGE][PASSED] - Object: 'Object Repository/Page_JPetStore Demo/a_Proceed to Checkout' is clicked on

03-03-2024T15:55:59 - [TEST_STEP][PASSED] - click(findTestObject("Object Repository/Page_JPetStore Demo/input_Need a user name and password_password")): Object: 'Object Repository/Page_JPetStore Demo/input_Need a user name and password_password' is clicked on

03-03-2024T15:56:00 - [MESSAGE][PASSED] - Object: 'Object Repository/Page_JPetStore Demo/input_Need a user name and password_password' is clicked on

03-03-2024T15:56:00 - [TEST_STEP][PASSED] - click(findTestObject("Object Repository/Page_JPetStore Demo/a_Confirm")): Object: 'Object Repository/Page_JPetStore Demo/a_Confirm' is clicked on

03-03-2024T15:56:01 - [MESSAGE][PASSED] - Object: 'Object Repository/Page_JPetStore Demo/a_Confirm' is clicked on

03-03-2024T15:56:01 - [TEST_STEP][PASSED] - closeBrowser(): Browser is closed

03-03-2024T15:56:02 - [MESSAGE][PASSED] - Browser is closed]]></system-out>
         <system-err><![CDATA[]]></system-err>
      </testcase>
      <system-out><![CDATA[03-03-2024T15:55:36 - [TEST_SUITE][PASSED] - TS03_AddToCartThroughSerachBox: Test Cases/TC03_AddToCartAfterLoginThroughSearchBox]]></system-out>
      <system-err><![CDATA[]]></system-err>
   </testsuite>
</testsuites>
