<?xml version="1.0" encoding="UTF-8"?>
<testsuites name="TS05_VerifyDemoPage" time="31.14" tests="1" failures="0" errors="0">
   <testsuite name="TS05_VerifyDemoPage" tests="1" failures="0" errors="0" time="31.14" skipped="0" timestamp="03-03-2024T17:03:08" hostname="YV767ZA - IN3235365W2.ey.net" id="Test Suites/TS05_VerifyDemoPage">
      <properties>
         <property name="deviceName" value=""/>
         <property name="devicePlatform" value=""/>
         <property name="logFolder" value="C:\\Users\\YV767ZA\\git\\WeekendRepo\\Reports\\20240303_170250\\TS05_VerifyDemoPage\\20240303_170250"/>
         <property name="logFiles" value="C:\\Users\\YV767ZA\\git\\WeekendRepo\\Reports\\20240303_170250\\TS05_VerifyDemoPage\\20240303_170250\\execution0.log"/>
         <property name="attachments" value=""/>
         <property name="hostName" value="YV767ZA - IN3235365W2.ey.net"/>
         <property name="os" value="Windows 10 64bit"/>
         <property name="katalonVersion" value="9.3.1.212"/>
         <property name="browser" value="Edge Chromium 122"/>
         <property name="hostAddress" value="192.168.1.7"/>
         <property name="sessionId" value="2a37463af6dc3ade967ee780d39d3dd8"/>
         <property name="seleniumVersion" value="3.141.59"/>
         <property name="proxyInformation" value="ProxyInformation { proxyOption=NO_PROXY, proxyServerType=HTTP, username=, password=********, proxyServerAddress=, proxyServerPort=0, executionList=&quot;&quot;, isApplyToDesiredCapabilities=true }"/>
         <property name="platform" value="Windows 10"/>
      </properties>
      <testcase name="Test Cases/TC06_VerifyDemoafterClickingQuestionMark" time="30.309" classname="Test Cases/TC06_VerifyDemoafterClickingQuestionMark" status="PASSED">
         <system-out><![CDATA[03-03-2024T17:03:09 - [TEST_CASE][PASSED] - Test Cases/TC06_VerifyDemoafterClickingQuestionMark: Test Cases/TC06_VerifyDemoafterClickingQuestionMark

03-03-2024T17:03:09 - [TEST_STEP][PASSED] - Start listener action : sampleBeforeTestCase: null

03-03-2024T17:03:09 - [TEST_STEP][PASSED] - println(testCaseContext.getTestCaseId()): null

03-03-2024T17:03:09 - [TEST_STEP][PASSED] - println(testCaseContext.getTestCaseVariables()): null

03-03-2024T17:03:09 - [TEST_STEP][PASSED] - Start listener action : sampleBeforeTestCase: null

03-03-2024T17:03:09 - [TEST_STEP][PASSED] - println(testCaseContext.getTestCaseId()): null

03-03-2024T17:03:09 - [TEST_STEP][PASSED] - println(testCaseContext.getTestCaseVariables()): null

03-03-2024T17:03:10 - [TEST_STEP][PASSED] - openBrowser(""): Browser is opened with url: ''

03-03-2024T17:03:11 - [MESSAGE][INFO] - Starting 'Edge Chromium' driver

03-03-2024T17:03:15 - [MESSAGE][INFO] - Action delay is set to 0 milliseconds

03-03-2024T17:03:21 - [MESSAGE][PASSED] - Browser is opened with url: ''

03-03-2024T17:03:21 - [TEST_STEP][PASSED] - navigateToUrl("https://petstore.octoperf.com/"): Navigate to 'https://petstore.octoperf.com/' successfully

03-03-2024T17:03:22 - [MESSAGE][PASSED] - Navigate to 'https://petstore.octoperf.com/' successfully

03-03-2024T17:03:22 - [TEST_STEP][PASSED] - click(findTestObject("Object Repository/Page_JPetStore Demo/a_Enter the Store")): Object: 'Object Repository/Page_JPetStore Demo/a_Enter the Store' is clicked on

03-03-2024T17:03:24 - [MESSAGE][PASSED] - Object: 'Object Repository/Page_JPetStore Demo/a_Enter the Store' is clicked on

03-03-2024T17:03:24 - [TEST_STEP][PASSED] - click(findTestObject("Object Repository/Page_JPetStore Demo/a_")): Object: 'Object Repository/Page_JPetStore Demo/a_' is clicked on

03-03-2024T17:03:25 - [MESSAGE][PASSED] - Object: 'Object Repository/Page_JPetStore Demo/a_' is clicked on

03-03-2024T17:03:25 - [TEST_STEP][PASSED] - verifyElementText(findTestObject("Object Repository/Page_JPetStore Demo/h1_JPetStore Demo"), "JPetStore Demo"): Actual text and expected text of test object 'Object Repository/Page_JPetStore Demo/h1_JPetStore Demo' are matched.

03-03-2024T17:03:26 - [MESSAGE][PASSED] - Actual text and expected text of test object 'Object Repository/Page_JPetStore Demo/h1_JPetStore Demo' are matched.

03-03-2024T17:03:26 - [TEST_STEP][PASSED] - verifyElementText(findTestObject("Object Repository/Page_JPetStore Demo/h2_Signing Up"), "Signing Up"): Actual text and expected text of test object 'Object Repository/Page_JPetStore Demo/h2_Signing Up' are matched.

03-03-2024T17:03:27 - [MESSAGE][PASSED] - Actual text and expected text of test object 'Object Repository/Page_JPetStore Demo/h2_Signing Up' are matched.

03-03-2024T17:03:27 - [TEST_STEP][PASSED] - verifyElementText(findTestObject("Object Repository/Page_JPetStore Demo/h2_Signing In"), "Signing In"): Actual text and expected text of test object 'Object Repository/Page_JPetStore Demo/h2_Signing In' are matched.

03-03-2024T17:03:27 - [MESSAGE][PASSED] - Actual text and expected text of test object 'Object Repository/Page_JPetStore Demo/h2_Signing In' are matched.

03-03-2024T17:03:27 - [TEST_STEP][PASSED] - verifyElementText(findTestObject("Object Repository/Page_JPetStore Demo/h2_Working with the Product Catalog"), "Working with the Product Catalog"): Actual text and expected text of test object 'Object Repository/Page_JPetStore Demo/h2_Working with the Product Catalog' are matched.

03-03-2024T17:03:28 - [MESSAGE][PASSED] - Actual text and expected text of test object 'Object Repository/Page_JPetStore Demo/h2_Working with the Product Catalog' are matched.

03-03-2024T17:03:28 - [TEST_STEP][PASSED] - verifyElementText(findTestObject("Object Repository/Page_JPetStore Demo/h2_Working with the Shopping Cart"), "Working with the Shopping Cart"): Actual text and expected text of test object 'Object Repository/Page_JPetStore Demo/h2_Working with the Shopping Cart' are matched.

03-03-2024T17:03:28 - [MESSAGE][PASSED] - Actual text and expected text of test object 'Object Repository/Page_JPetStore Demo/h2_Working with the Shopping Cart' are matched.

03-03-2024T17:03:28 - [TEST_STEP][PASSED] - click(findTestObject("Object Repository/Page_JPetStore Demo/h2_Reviewing An Order")): Object: 'Object Repository/Page_JPetStore Demo/h2_Reviewing An Order' is clicked on

03-03-2024T17:03:29 - [MESSAGE][PASSED] - Object: 'Object Repository/Page_JPetStore Demo/h2_Reviewing An Order' is clicked on

03-03-2024T17:03:29 - [TEST_STEP][PASSED] - verifyElementText(findTestObject("Object Repository/Page_JPetStore Demo/h2_Reviewing An Order"), "Reviewing An Order"): Actual text and expected text of test object 'Object Repository/Page_JPetStore Demo/h2_Reviewing An Order' are matched.

03-03-2024T17:03:29 - [MESSAGE][PASSED] - Actual text and expected text of test object 'Object Repository/Page_JPetStore Demo/h2_Reviewing An Order' are matched.

03-03-2024T17:03:29 - [TEST_STEP][PASSED] - back(): Navigate back successfully

03-03-2024T17:03:29 - [MESSAGE][PASSED] - Navigate back successfully

03-03-2024T17:03:29 - [TEST_STEP][PASSED] - click(findTestObject("Object Repository/Page_JPetStore Demo/a_Sign In")): Object: 'Object Repository/Page_JPetStore Demo/a_Sign In' is clicked on

03-03-2024T17:03:30 - [MESSAGE][PASSED] - Object: 'Object Repository/Page_JPetStore Demo/a_Sign In' is clicked on

03-03-2024T17:03:30 - [TEST_STEP][PASSED] - setText(findTestObject("Object Repository/Page_JPetStore Demo/username"), "Pushp"): Text 'Pushp' is set on object 'Object Repository/Page_JPetStore Demo/username'

03-03-2024T17:03:31 - [MESSAGE][PASSED] - Text 'Pushp' is set on object 'Object Repository/Page_JPetStore Demo/username'

03-03-2024T17:03:31 - [TEST_STEP][PASSED] - setEncryptedText(findTestObject("Object Repository/Page_JPetStore Demo/password"), "iGDxf8hSRT4="): Text ****** has been set on object 'Object Repository/Page_JPetStore Demo/password'

03-03-2024T17:03:32 - [MESSAGE][PASSED] - Text ****** has been set on object 'Object Repository/Page_JPetStore Demo/password'

03-03-2024T17:03:32 - [TEST_STEP][PASSED] - click(findTestObject("Object Repository/Page_JPetStore Demo/input_Need a user name and password_signon")): Object: 'Object Repository/Page_JPetStore Demo/input_Need a user name and password_signon' is clicked on

03-03-2024T17:03:33 - [MESSAGE][PASSED] - Object: 'Object Repository/Page_JPetStore Demo/input_Need a user name and password_signon' is clicked on

03-03-2024T17:03:33 - [TEST_STEP][PASSED] - click(findTestObject("Object Repository/Page_JPetStore Demo/questionMark")): Object: 'Object Repository/Page_JPetStore Demo/questionMark' is clicked on

03-03-2024T17:03:34 - [MESSAGE][PASSED] - Object: 'Object Repository/Page_JPetStore Demo/questionMark' is clicked on

03-03-2024T17:03:34 - [TEST_STEP][PASSED] - verifyElementText(findTestObject("Object Repository/Page_JPetStore Demo/h1_JPetStore Demo"), "JPetStore Demo"): Actual text and expected text of test object 'Object Repository/Page_JPetStore Demo/h1_JPetStore Demo' are matched.

03-03-2024T17:03:34 - [MESSAGE][PASSED] - Actual text and expected text of test object 'Object Repository/Page_JPetStore Demo/h1_JPetStore Demo' are matched.

03-03-2024T17:03:34 - [TEST_STEP][PASSED] - verifyElementText(findTestObject("Object Repository/Page_JPetStore Demo/h2_Signing Up"), "Signing Up"): Actual text and expected text of test object 'Object Repository/Page_JPetStore Demo/h2_Signing Up' are matched.

03-03-2024T17:03:35 - [MESSAGE][PASSED] - Actual text and expected text of test object 'Object Repository/Page_JPetStore Demo/h2_Signing Up' are matched.

03-03-2024T17:03:35 - [TEST_STEP][PASSED] - verifyElementText(findTestObject("Object Repository/Page_JPetStore Demo/h2_Signing In"), "Signing In"): Actual text and expected text of test object 'Object Repository/Page_JPetStore Demo/h2_Signing In' are matched.

03-03-2024T17:03:35 - [MESSAGE][PASSED] - Actual text and expected text of test object 'Object Repository/Page_JPetStore Demo/h2_Signing In' are matched.

03-03-2024T17:03:35 - [TEST_STEP][PASSED] - verifyElementText(findTestObject("Object Repository/Page_JPetStore Demo/h2_Working with the Product Catalog"), "Working with the Product Catalog"): Actual text and expected text of test object 'Object Repository/Page_JPetStore Demo/h2_Working with the Product Catalog' are matched.

03-03-2024T17:03:36 - [MESSAGE][PASSED] - Actual text and expected text of test object 'Object Repository/Page_JPetStore Demo/h2_Working with the Product Catalog' are matched.

03-03-2024T17:03:36 - [TEST_STEP][PASSED] - verifyElementText(findTestObject("Object Repository/Page_JPetStore Demo/h2_Working with the Shopping Cart"), "Working with the Shopping Cart"): Actual text and expected text of test object 'Object Repository/Page_JPetStore Demo/h2_Working with the Shopping Cart' are matched.

03-03-2024T17:03:36 - [MESSAGE][PASSED] - Actual text and expected text of test object 'Object Repository/Page_JPetStore Demo/h2_Working with the Shopping Cart' are matched.

03-03-2024T17:03:36 - [TEST_STEP][PASSED] - verifyElementText(findTestObject("Object Repository/Page_JPetStore Demo/h2_Reviewing An Order"), "Reviewing An Order"): Actual text and expected text of test object 'Object Repository/Page_JPetStore Demo/h2_Reviewing An Order' are matched.

03-03-2024T17:03:37 - [MESSAGE][PASSED] - Actual text and expected text of test object 'Object Repository/Page_JPetStore Demo/h2_Reviewing An Order' are matched.

03-03-2024T17:03:37 - [TEST_STEP][PASSED] - back(): Navigate back successfully

03-03-2024T17:03:37 - [MESSAGE][PASSED] - Navigate back successfully

03-03-2024T17:03:37 - [TEST_STEP][PASSED] - click(findTestObject("Object Repository/Page_JPetStore Demo/a_Sign Out")): Object: 'Object Repository/Page_JPetStore Demo/a_Sign Out' is clicked on

03-03-2024T17:03:38 - [MESSAGE][PASSED] - Object: 'Object Repository/Page_JPetStore Demo/a_Sign Out' is clicked on

03-03-2024T17:03:38 - [TEST_STEP][PASSED] - closeBrowser(): Browser is closed

03-03-2024T17:03:39 - [MESSAGE][PASSED] - Browser is closed

03-03-2024T17:03:39 - [TEST_STEP][PASSED] - Start listener action : sampleAfterTestCase: null

03-03-2024T17:03:39 - [TEST_STEP][PASSED] - println(testCaseContext.getTestCaseId()): null

03-03-2024T17:03:39 - [TEST_STEP][PASSED] - println(testCaseContext.getTestCaseStatus()): null]]></system-out>
         <system-err><![CDATA[]]></system-err>
      </testcase>
      <system-out><![CDATA[03-03-2024T17:03:08 - [TEST_SUITE][PASSED] - TS05_VerifyDemoPage: Test Cases/TC06_VerifyDemoafterClickingQuestionMark]]></system-out>
      <system-err><![CDATA[]]></system-err>
   </testsuite>
</testsuites>
