<?xml version="1.0" encoding="UTF-8"?>
<testsuites name="TS10_VerifyAccountPage" time="18.222" tests="1" failures="0" errors="0">
   <testsuite name="TS10_VerifyAccountPage" tests="1" failures="0" errors="0" time="18.222" skipped="0" timestamp="03-03-2024T18:14:06" hostname="YV767ZA - IN3235365W2.ey.net" id="Test Suites/TS10_VerifyAccountPage">
      <properties>
         <property name="deviceName" value=""/>
         <property name="devicePlatform" value=""/>
         <property name="logFolder" value="C:\\Users\\YV767ZA\\git\\WeekendRepo\\Reports\\20240303_181401\\TS10_VerifyAccountPage\\20240303_181401"/>
         <property name="logFiles" value="C:\\Users\\YV767ZA\\git\\WeekendRepo\\Reports\\20240303_181401\\TS10_VerifyAccountPage\\20240303_181401\\execution0.log"/>
         <property name="attachments" value=""/>
         <property name="hostName" value="YV767ZA - IN3235365W2.ey.net"/>
         <property name="os" value="Windows 10 64bit"/>
         <property name="katalonVersion" value="9.3.1.212"/>
         <property name="browser" value="Edge Chromium 122"/>
         <property name="hostAddress" value="192.168.1.7"/>
         <property name="sessionId" value="07a43f24b413156f3bec618f321fe1bb"/>
         <property name="seleniumVersion" value="3.141.59"/>
         <property name="proxyInformation" value="ProxyInformation { proxyOption=NO_PROXY, proxyServerType=HTTP, username=, password=********, proxyServerAddress=, proxyServerPort=0, executionList=&quot;&quot;, isApplyToDesiredCapabilities=true }"/>
         <property name="platform" value="Windows 10"/>
      </properties>
      <testcase name="Test Cases/TC12_VerifyMyAccountPage" time="18.005" classname="Test Cases/TC12_VerifyMyAccountPage" status="PASSED">
         <system-out><![CDATA[03-03-2024T18:14:06 - [TEST_CASE][PASSED] - Test Cases/TC12_VerifyMyAccountPage: Test Cases/TC12_VerifyMyAccountPage

03-03-2024T18:14:06 - [TEST_STEP][PASSED] - Start listener action : sampleBeforeTestCase: null

03-03-2024T18:14:06 - [TEST_STEP][PASSED] - println(testCaseContext.getTestCaseId()): null

03-03-2024T18:14:06 - [TEST_STEP][PASSED] - println(testCaseContext.getTestCaseVariables()): null

03-03-2024T18:14:06 - [TEST_STEP][PASSED] - Start listener action : sampleBeforeTestCase: null

03-03-2024T18:14:06 - [TEST_STEP][PASSED] - println(testCaseContext.getTestCaseId()): null

03-03-2024T18:14:06 - [TEST_STEP][PASSED] - println(testCaseContext.getTestCaseVariables()): null

03-03-2024T18:14:06 - [TEST_STEP][PASSED] - openBrowser(""): Browser is opened with url: ''

03-03-2024T18:14:07 - [MESSAGE][INFO] - Starting 'Edge Chromium' driver

03-03-2024T18:14:10 - [MESSAGE][INFO] - Action delay is set to 0 milliseconds

03-03-2024T18:14:11 - [MESSAGE][PASSED] - Browser is opened with url: ''

03-03-2024T18:14:11 - [TEST_STEP][PASSED] - navigateToUrl("https://petstore.octoperf.com/"): Navigate to 'https://petstore.octoperf.com/' successfully

03-03-2024T18:14:12 - [MESSAGE][PASSED] - Navigate to 'https://petstore.octoperf.com/' successfully

03-03-2024T18:14:12 - [TEST_STEP][PASSED] - maximizeWindow(): Current window maximized

03-03-2024T18:14:13 - [MESSAGE][PASSED] - Current window maximized

03-03-2024T18:14:13 - [TEST_STEP][PASSED] - click(findTestObject("Object Repository/Page_JPetStore Demo/a_Enter the Store")): Object: 'Object Repository/Page_JPetStore Demo/a_Enter the Store' is clicked on

03-03-2024T18:14:14 - [MESSAGE][PASSED] - Object: 'Object Repository/Page_JPetStore Demo/a_Enter the Store' is clicked on

03-03-2024T18:14:14 - [TEST_STEP][PASSED] - click(findTestObject("Object Repository/Page_JPetStore Demo/a_Sign In")): Object: 'Object Repository/Page_JPetStore Demo/a_Sign In' is clicked on

03-03-2024T18:14:17 - [MESSAGE][PASSED] - Object: 'Object Repository/Page_JPetStore Demo/a_Sign In' is clicked on

03-03-2024T18:14:17 - [TEST_STEP][PASSED] - setText(findTestObject("Object Repository/Page_JPetStore Demo/username"), "Pushp"): Text 'Pushp' is set on object 'Object Repository/Page_JPetStore Demo/username'

03-03-2024T18:14:17 - [MESSAGE][PASSED] - Text 'Pushp' is set on object 'Object Repository/Page_JPetStore Demo/username'

03-03-2024T18:14:17 - [TEST_STEP][PASSED] - setEncryptedText(findTestObject("Object Repository/Page_JPetStore Demo/password"), "iGDxf8hSRT4="): Text ****** has been set on object 'Object Repository/Page_JPetStore Demo/password'

03-03-2024T18:14:18 - [MESSAGE][PASSED] - Text ****** has been set on object 'Object Repository/Page_JPetStore Demo/password'

03-03-2024T18:14:18 - [TEST_STEP][PASSED] - click(findTestObject("Object Repository/Page_JPetStore Demo/input_Need a user name and password_signon")): Object: 'Object Repository/Page_JPetStore Demo/input_Need a user name and password_signon' is clicked on

03-03-2024T18:14:18 - [MESSAGE][PASSED] - Object: 'Object Repository/Page_JPetStore Demo/input_Need a user name and password_signon' is clicked on

03-03-2024T18:14:18 - [TEST_STEP][PASSED] - click(findTestObject("Object Repository/Page_JPetStore Demo/FishImg")): Object: 'Object Repository/Page_JPetStore Demo/FishImg' is clicked on

03-03-2024T18:14:19 - [MESSAGE][PASSED] - Object: 'Object Repository/Page_JPetStore Demo/FishImg' is clicked on

03-03-2024T18:14:19 - [TEST_STEP][PASSED] - click(findTestObject("Object Repository/Page_JPetStore Demo/a_My Account")): Object: 'Object Repository/Page_JPetStore Demo/a_My Account' is clicked on

03-03-2024T18:14:20 - [MESSAGE][PASSED] - Object: 'Object Repository/Page_JPetStore Demo/a_My Account' is clicked on

03-03-2024T18:14:20 - [TEST_STEP][PASSED] - click(findTestObject("Object Repository/Page_JPetStore Demo/a_My Orders")): Object: 'Object Repository/Page_JPetStore Demo/a_My Orders' is clicked on

03-03-2024T18:14:20 - [MESSAGE][PASSED] - Object: 'Object Repository/Page_JPetStore Demo/a_My Orders' is clicked on

03-03-2024T18:14:20 - [TEST_STEP][PASSED] - verifyElementText(findTestObject("Object Repository/Page_JPetStore Demo/th_Order ID"), "Order ID"): Actual text and expected text of test object 'Object Repository/Page_JPetStore Demo/th_Order ID' are matched.

03-03-2024T18:14:21 - [MESSAGE][PASSED] - Actual text and expected text of test object 'Object Repository/Page_JPetStore Demo/th_Order ID' are matched.

03-03-2024T18:14:21 - [TEST_STEP][PASSED] - verifyElementText(findTestObject("Object Repository/Page_JPetStore Demo/th_Date"), "Date"): Actual text and expected text of test object 'Object Repository/Page_JPetStore Demo/th_Date' are matched.

03-03-2024T18:14:21 - [MESSAGE][PASSED] - Actual text and expected text of test object 'Object Repository/Page_JPetStore Demo/th_Date' are matched.

03-03-2024T18:14:21 - [TEST_STEP][PASSED] - verifyElementText(findTestObject("Object Repository/Page_JPetStore Demo/th_Total Price"), "Total Price"): Actual text and expected text of test object 'Object Repository/Page_JPetStore Demo/th_Total Price' are matched.

03-03-2024T18:14:22 - [MESSAGE][PASSED] - Actual text and expected text of test object 'Object Repository/Page_JPetStore Demo/th_Total Price' are matched.

03-03-2024T18:14:22 - [TEST_STEP][PASSED] - click(findTestObject("Object Repository/Page_JPetStore Demo/FishQuickLink")): Object: 'Object Repository/Page_JPetStore Demo/FishQuickLink' is clicked on

03-03-2024T18:14:22 - [MESSAGE][PASSED] - Object: 'Object Repository/Page_JPetStore Demo/FishQuickLink' is clicked on

03-03-2024T18:14:22 - [TEST_STEP][PASSED] - click(findTestObject("Object Repository/Page_JPetStore Demo/a_Return to Main Menu")): Object: 'Object Repository/Page_JPetStore Demo/a_Return to Main Menu' is clicked on

03-03-2024T18:14:23 - [MESSAGE][PASSED] - Object: 'Object Repository/Page_JPetStore Demo/a_Return to Main Menu' is clicked on

03-03-2024T18:14:23 - [TEST_STEP][PASSED] - click(findTestObject("Object Repository/Page_JPetStore Demo/a_Sign Out")): Object: 'Object Repository/Page_JPetStore Demo/a_Sign Out' is clicked on

03-03-2024T18:14:24 - [MESSAGE][PASSED] - Object: 'Object Repository/Page_JPetStore Demo/a_Sign Out' is clicked on

03-03-2024T18:14:24 - [TEST_STEP][PASSED] - closeBrowser(): Browser is closed

03-03-2024T18:14:24 - [MESSAGE][PASSED] - Browser is closed

03-03-2024T18:14:24 - [TEST_STEP][PASSED] - Start listener action : sampleAfterTestCase: null

03-03-2024T18:14:24 - [TEST_STEP][PASSED] - println(testCaseContext.getTestCaseId()): null

03-03-2024T18:14:24 - [TEST_STEP][PASSED] - println(testCaseContext.getTestCaseStatus()): null]]></system-out>
         <system-err><![CDATA[]]></system-err>
      </testcase>
      <system-out><![CDATA[03-03-2024T18:14:06 - [TEST_SUITE][PASSED] - TS10_VerifyAccountPage: Test Cases/TC12_VerifyMyAccountPage]]></system-out>
      <system-err><![CDATA[]]></system-err>
   </testsuite>
</testsuites>
