<?xml version="1.0" encoding="UTF-8"?>
<testsuites name="TS08_VerifyUpdateFunctionality" time="81.953" tests="1" failures="0" errors="0">
   <testsuite name="TS08_VerifyUpdateFunctionality" tests="1" failures="0" errors="0" time="81.953" skipped="0" timestamp="03-03-2024T17:33:35" hostname="YV767ZA - IN3235365W2.ey.net" id="Test Suites/TS08_VerifyUpdateFunctionality">
      <properties>
         <property name="deviceName" value=""/>
         <property name="devicePlatform" value=""/>
         <property name="logFolder" value="C:\\Users\\YV767ZA\\git\\WeekendRepo\\Reports\\20240303_173330\\TS08_VerifyUpdateFunctionality\\20240303_173330"/>
         <property name="logFiles" value="C:\\Users\\YV767ZA\\git\\WeekendRepo\\Reports\\20240303_173330\\TS08_VerifyUpdateFunctionality\\20240303_173330\\execution0.log"/>
         <property name="attachments" value=""/>
         <property name="hostName" value="YV767ZA - IN3235365W2.ey.net"/>
         <property name="os" value="Windows 10 64bit"/>
         <property name="katalonVersion" value="9.3.1.212"/>
         <property name="browser" value="Edge Chromium 122"/>
         <property name="hostAddress" value="192.168.1.7"/>
         <property name="sessionId" value="870d42aea1c86422e0e710d680f0fe05"/>
         <property name="seleniumVersion" value="3.141.59"/>
         <property name="proxyInformation" value="ProxyInformation { proxyOption=NO_PROXY, proxyServerType=HTTP, username=, password=********, proxyServerAddress=, proxyServerPort=0, executionList=&quot;&quot;, isApplyToDesiredCapabilities=true }"/>
         <property name="platform" value="Windows 10"/>
      </properties>
      <testcase name="Test Cases/TC09_VerifyUpdateFunctionalityFromCartPage" time="81.776" classname="Test Cases/TC09_VerifyUpdateFunctionalityFromCartPage" status="PASSED">
         <system-out><![CDATA[03-03-2024T17:33:35 - [TEST_CASE][PASSED] - Test Cases/TC09_VerifyUpdateFunctionalityFromCartPage: Test Cases/TC09_VerifyUpdateFunctionalityFromCartPage

03-03-2024T17:33:35 - [TEST_STEP][PASSED] - Start listener action : sampleBeforeTestCase: null

03-03-2024T17:33:35 - [TEST_STEP][PASSED] - println(testCaseContext.getTestCaseId()): null

03-03-2024T17:33:35 - [TEST_STEP][PASSED] - println(testCaseContext.getTestCaseVariables()): null

03-03-2024T17:33:35 - [TEST_STEP][PASSED] - Start listener action : sampleBeforeTestCase: null

03-03-2024T17:33:35 - [TEST_STEP][PASSED] - println(testCaseContext.getTestCaseId()): null

03-03-2024T17:33:35 - [TEST_STEP][PASSED] - println(testCaseContext.getTestCaseVariables()): null

03-03-2024T17:33:35 - [TEST_STEP][PASSED] - openBrowser(""): Browser is opened with url: ''

03-03-2024T17:33:36 - [MESSAGE][INFO] - Starting 'Edge Chromium' driver

03-03-2024T17:33:38 - [MESSAGE][INFO] - Action delay is set to 0 milliseconds

03-03-2024T17:33:40 - [MESSAGE][PASSED] - Browser is opened with url: ''

03-03-2024T17:33:40 - [TEST_STEP][PASSED] - navigateToUrl("https://petstore.octoperf.com/"): Navigate to 'https://petstore.octoperf.com/' successfully

03-03-2024T17:33:41 - [MESSAGE][PASSED] - Navigate to 'https://petstore.octoperf.com/' successfully

03-03-2024T17:33:41 - [TEST_STEP][PASSED] - maximizeWindow(): Current window maximized

03-03-2024T17:33:42 - [MESSAGE][PASSED] - Current window maximized

03-03-2024T17:33:42 - [TEST_STEP][PASSED] - click(findTestObject("Object Repository/Page_JPetStore Demo/a_Enter the Store")): Object: 'Object Repository/Page_JPetStore Demo/a_Enter the Store' is clicked on

03-03-2024T17:33:43 - [MESSAGE][PASSED] - Object: 'Object Repository/Page_JPetStore Demo/a_Enter the Store' is clicked on

03-03-2024T17:33:43 - [TEST_STEP][PASSED] - click(findTestObject("Object Repository/Page_JPetStore Demo/a_Sign In")): Object: 'Object Repository/Page_JPetStore Demo/a_Sign In' is clicked on

03-03-2024T17:33:44 - [MESSAGE][PASSED] - Object: 'Object Repository/Page_JPetStore Demo/a_Sign In' is clicked on

03-03-2024T17:33:44 - [TEST_STEP][PASSED] - setText(findTestObject("Object Repository/Page_JPetStore Demo/username"), "Pushp"): Text 'Pushp' is set on object 'Object Repository/Page_JPetStore Demo/username'

03-03-2024T17:33:44 - [MESSAGE][PASSED] - Text 'Pushp' is set on object 'Object Repository/Page_JPetStore Demo/username'

03-03-2024T17:33:44 - [TEST_STEP][PASSED] - setEncryptedText(findTestObject("Object Repository/Page_JPetStore Demo/password"), "iGDxf8hSRT4="): Text ****** has been set on object 'Object Repository/Page_JPetStore Demo/password'

03-03-2024T17:33:45 - [MESSAGE][PASSED] - Text ****** has been set on object 'Object Repository/Page_JPetStore Demo/password'

03-03-2024T17:33:45 - [TEST_STEP][PASSED] - click(findTestObject("Object Repository/Page_JPetStore Demo/input_Need a user name and password_signon")): Object: 'Object Repository/Page_JPetStore Demo/input_Need a user name and password_signon' is clicked on

03-03-2024T17:33:45 - [MESSAGE][PASSED] - Object: 'Object Repository/Page_JPetStore Demo/input_Need a user name and password_signon' is clicked on

03-03-2024T17:33:45 - [TEST_STEP][PASSED] - click(findTestObject("Object Repository/Page_JPetStore Demo/FishImg")): Object: 'Object Repository/Page_JPetStore Demo/FishImg' is clicked on

03-03-2024T17:33:46 - [MESSAGE][PASSED] - Object: 'Object Repository/Page_JPetStore Demo/FishImg' is clicked on

03-03-2024T17:33:46 - [TEST_STEP][PASSED] - click(findTestObject("Object Repository/Page_JPetStore Demo/div_FishProduct IDNameFI-SW-01AngelfishFI-S_1fe894")): Object: 'Object Repository/Page_JPetStore Demo/div_FishProduct IDNameFI-SW-01AngelfishFI-S_1fe894' is clicked on

03-03-2024T17:33:46 - [MESSAGE][PASSED] - Object: 'Object Repository/Page_JPetStore Demo/div_FishProduct IDNameFI-SW-01AngelfishFI-S_1fe894' is clicked on

03-03-2024T17:33:46 - [TEST_STEP][PASSED] - click(findTestObject("Object Repository/Page_JPetStore Demo/a_FI-SW-01")): Object: 'Object Repository/Page_JPetStore Demo/a_FI-SW-01' is clicked on

03-03-2024T17:33:47 - [MESSAGE][PASSED] - Object: 'Object Repository/Page_JPetStore Demo/a_FI-SW-01' is clicked on

03-03-2024T17:33:47 - [TEST_STEP][PASSED] - click(findTestObject("Object Repository/Page_JPetStore Demo/a_Add to Cart")): Object: 'Object Repository/Page_JPetStore Demo/a_Add to Cart' is clicked on

03-03-2024T17:33:48 - [MESSAGE][PASSED] - Object: 'Object Repository/Page_JPetStore Demo/a_Add to Cart' is clicked on

03-03-2024T17:33:48 - [TEST_STEP][PASSED] - setText(findTestObject("Object Repository/Page_JPetStore Demo/sizeTextBox"), "5"): Text '5' is set on object 'Object Repository/Page_JPetStore Demo/sizeTextBox'

03-03-2024T17:33:48 - [MESSAGE][PASSED] - Text '5' is set on object 'Object Repository/Page_JPetStore Demo/sizeTextBox'

03-03-2024T17:33:48 - [TEST_STEP][PASSED] - click(findTestObject("Object Repository/Page_JPetStore Demo/input_Need a user name and password_password")): Object: 'Object Repository/Page_JPetStore Demo/input_Need a user name and password_password' is clicked on

03-03-2024T17:34:19 - [MESSAGE][INFO] - Unable to find the element located by 'By.xpath: //input[@name='newOrder']'. Please recheck the objects properties to make sure the desired element is located. 

03-03-2024T17:34:19 - [MESSAGE][WARNING] - [SELF-HEALING] Failed to find element with id 'Object Repository/Page_JPetStore Demo/input_Need a user name and password_password'. Try using Self-healing.

03-03-2024T17:34:20 - [MESSAGE][WARNING] - [SELF-HEALING] The current locator of test object 'Object Repository/Page_JPetStore Demo/input_Need a user name and password_password' was broken. Propose an alternative one: '//input[@name='updateCartQuantities']'.

03-03-2024T17:34:20 - [MESSAGE][PASSED] - Object: 'Object Repository/Page_JPetStore Demo/input_Need a user name and password_password' is clicked on

03-03-2024T17:34:20 - [TEST_STEP][PASSED] - click(findTestObject("Object Repository/Page_JPetStore Demo/DogQuickLink")): Object: 'Object Repository/Page_JPetStore Demo/DogQuickLink' is clicked on

03-03-2024T17:34:21 - [MESSAGE][PASSED] - Object: 'Object Repository/Page_JPetStore Demo/DogQuickLink' is clicked on

03-03-2024T17:34:21 - [TEST_STEP][PASSED] - click(findTestObject("Object Repository/Page_JPetStore Demo/a_K9-DL-01")): Object: 'Object Repository/Page_JPetStore Demo/a_K9-DL-01' is clicked on

03-03-2024T17:34:21 - [MESSAGE][PASSED] - Object: 'Object Repository/Page_JPetStore Demo/a_K9-DL-01' is clicked on

03-03-2024T17:34:21 - [TEST_STEP][PASSED] - click(findTestObject("Object Repository/Page_JPetStore Demo/a_Add to Cart_1")): Object: 'Object Repository/Page_JPetStore Demo/a_Add to Cart_1' is clicked on

03-03-2024T17:34:22 - [MESSAGE][PASSED] - Object: 'Object Repository/Page_JPetStore Demo/a_Add to Cart_1' is clicked on

03-03-2024T17:34:22 - [TEST_STEP][PASSED] - setText(findTestObject("Object Repository/Page_JPetStore Demo/sizeTextBox"), "3"): Text '3' is set on object 'Object Repository/Page_JPetStore Demo/sizeTextBox'

03-03-2024T17:34:22 - [MESSAGE][PASSED] - Text '3' is set on object 'Object Repository/Page_JPetStore Demo/sizeTextBox'

03-03-2024T17:34:22 - [TEST_STEP][PASSED] - click(findTestObject("Object Repository/Page_JPetStore Demo/input_Need a user name and password_password")): Object: 'Object Repository/Page_JPetStore Demo/input_Need a user name and password_password' is clicked on

03-03-2024T17:34:54 - [MESSAGE][INFO] - Unable to find the element located by 'By.xpath: //input[@name='newOrder']'. Please recheck the objects properties to make sure the desired element is located. 

03-03-2024T17:34:54 - [MESSAGE][WARNING] - [SELF-HEALING] Failed to find element with id 'Object Repository/Page_JPetStore Demo/input_Need a user name and password_password'. Try using Self-healing.

03-03-2024T17:34:54 - [MESSAGE][WARNING] - [SELF-HEALING] The current locator of test object 'Object Repository/Page_JPetStore Demo/input_Need a user name and password_password' was broken. Propose an alternative one: '//input[@name='updateCartQuantities']'.

03-03-2024T17:34:54 - [MESSAGE][PASSED] - Object: 'Object Repository/Page_JPetStore Demo/input_Need a user name and password_password' is clicked on

03-03-2024T17:34:54 - [TEST_STEP][PASSED] - click(findTestObject("Object Repository/Page_JPetStore Demo/a_Proceed to Checkout")): Object: 'Object Repository/Page_JPetStore Demo/a_Proceed to Checkout' is clicked on

03-03-2024T17:34:55 - [MESSAGE][PASSED] - Object: 'Object Repository/Page_JPetStore Demo/a_Proceed to Checkout' is clicked on

03-03-2024T17:34:55 - [TEST_STEP][PASSED] - click(findTestObject("Object Repository/Page_JPetStore Demo/input_Need a user name and password_password")): Object: 'Object Repository/Page_JPetStore Demo/input_Need a user name and password_password' is clicked on

03-03-2024T17:34:56 - [MESSAGE][PASSED] - Object: 'Object Repository/Page_JPetStore Demo/input_Need a user name and password_password' is clicked on

03-03-2024T17:34:56 - [TEST_STEP][PASSED] - click(findTestObject("Object Repository/Page_JPetStore Demo/a_Confirm")): Object: 'Object Repository/Page_JPetStore Demo/a_Confirm' is clicked on

03-03-2024T17:34:56 - [MESSAGE][PASSED] - Object: 'Object Repository/Page_JPetStore Demo/a_Confirm' is clicked on

03-03-2024T17:34:56 - [TEST_STEP][PASSED] - closeBrowser(): Browser is closed

03-03-2024T17:34:57 - [MESSAGE][PASSED] - Browser is closed

03-03-2024T17:34:57 - [TEST_STEP][PASSED] - Start listener action : sampleAfterTestCase: null

03-03-2024T17:34:57 - [TEST_STEP][PASSED] - println(testCaseContext.getTestCaseId()): null

03-03-2024T17:34:57 - [TEST_STEP][PASSED] - println(testCaseContext.getTestCaseStatus()): null]]></system-out>
         <system-err><![CDATA[]]></system-err>
      </testcase>
      <system-out><![CDATA[03-03-2024T17:33:35 - [TEST_SUITE][PASSED] - TS08_VerifyUpdateFunctionality: Test Cases/TC09_VerifyUpdateFunctionalityFromCartPage]]></system-out>
      <system-err><![CDATA[]]></system-err>
   </testsuite>
</testsuites>
