<?xml version="1.0" encoding="UTF-8"?>
<testsuites name="TS12_VerifyNavigationBatisLink" time="13.809" tests="1" failures="0" errors="0">
   <testsuite name="TS12_VerifyNavigationBatisLink" tests="1" failures="0" errors="0" time="13.809" skipped="0" timestamp="03-03-2024T18:18:45" hostname="YV767ZA - IN3235365W2.ey.net" id="Test Suites/TS12_VerifyNavigationBatisLink">
      <properties>
         <property name="deviceName" value=""/>
         <property name="devicePlatform" value=""/>
         <property name="logFolder" value="C:\\Users\\YV767ZA\\git\\WeekendRepo\\Reports\\20240303_181840\\TS12_VerifyNavigationBatisLink\\20240303_181840"/>
         <property name="logFiles" value="C:\\Users\\YV767ZA\\git\\WeekendRepo\\Reports\\20240303_181840\\TS12_VerifyNavigationBatisLink\\20240303_181840\\execution0.log"/>
         <property name="attachments" value=""/>
         <property name="hostName" value="YV767ZA - IN3235365W2.ey.net"/>
         <property name="os" value="Windows 10 64bit"/>
         <property name="katalonVersion" value="9.3.1.212"/>
         <property name="browser" value="Edge Chromium 122"/>
         <property name="hostAddress" value="192.168.1.7"/>
         <property name="sessionId" value="791b5c55ee9d283d1f8825570f1363c6"/>
         <property name="seleniumVersion" value="3.141.59"/>
         <property name="proxyInformation" value="ProxyInformation { proxyOption=NO_PROXY, proxyServerType=HTTP, username=, password=********, proxyServerAddress=, proxyServerPort=0, executionList=&quot;&quot;, isApplyToDesiredCapabilities=true }"/>
         <property name="platform" value="Windows 10"/>
      </properties>
      <testcase name="Test Cases/TC15_VeifyBatisLink" time="13.591" classname="Test Cases/TC15_VeifyBatisLink" status="PASSED">
         <system-out><![CDATA[03-03-2024T18:18:45 - [TEST_CASE][PASSED] - Test Cases/TC15_VeifyBatisLink: Test Cases/TC15_VeifyBatisLink

03-03-2024T18:18:45 - [TEST_STEP][PASSED] - Start listener action : sampleBeforeTestCase: null

03-03-2024T18:18:45 - [TEST_STEP][PASSED] - println(testCaseContext.getTestCaseId()): null

03-03-2024T18:18:45 - [TEST_STEP][PASSED] - println(testCaseContext.getTestCaseVariables()): null

03-03-2024T18:18:45 - [TEST_STEP][PASSED] - Start listener action : sampleBeforeTestCase: null

03-03-2024T18:18:45 - [TEST_STEP][PASSED] - println(testCaseContext.getTestCaseId()): null

03-03-2024T18:18:45 - [TEST_STEP][PASSED] - println(testCaseContext.getTestCaseVariables()): null

03-03-2024T18:18:46 - [TEST_STEP][PASSED] - openBrowser(""): Browser is opened with url: ''

03-03-2024T18:18:46 - [MESSAGE][INFO] - Starting 'Edge Chromium' driver

03-03-2024T18:18:49 - [MESSAGE][INFO] - Action delay is set to 0 milliseconds

03-03-2024T18:18:50 - [MESSAGE][PASSED] - Browser is opened with url: ''

03-03-2024T18:18:50 - [TEST_STEP][PASSED] - navigateToUrl("https://petstore.octoperf.com/"): Navigate to 'https://petstore.octoperf.com/' successfully

03-03-2024T18:18:52 - [MESSAGE][PASSED] - Navigate to 'https://petstore.octoperf.com/' successfully

03-03-2024T18:18:52 - [TEST_STEP][PASSED] - maximizeWindow(): Current window maximized

03-03-2024T18:18:52 - [MESSAGE][PASSED] - Current window maximized

03-03-2024T18:18:52 - [TEST_STEP][PASSED] - click(findTestObject("Object Repository/Page_JPetStore Demo/a_Enter the Store")): Object: 'Object Repository/Page_JPetStore Demo/a_Enter the Store' is clicked on

03-03-2024T18:18:54 - [MESSAGE][PASSED] - Object: 'Object Repository/Page_JPetStore Demo/a_Enter the Store' is clicked on

03-03-2024T18:18:54 - [TEST_STEP][PASSED] - click(findTestObject("Object Repository/Page_JPetStore Demo/a_www.mybatis.org")): Object: 'Object Repository/Page_JPetStore Demo/a_www.mybatis.org' is clicked on

03-03-2024T18:18:58 - [MESSAGE][PASSED] - Object: 'Object Repository/Page_JPetStore Demo/a_www.mybatis.org' is clicked on

03-03-2024T18:18:58 - [TEST_STEP][PASSED] - verifyElementText(findTestObject("Object Repository/Page_The MyBatis Blog/a_MyBatis 3.5.11 released"), "MyBatis 3.5.11 released!"): Actual text and expected text of test object 'Object Repository/Page_The MyBatis Blog/a_MyBatis 3.5.11 released' are matched.

03-03-2024T18:18:58 - [MESSAGE][PASSED] - Actual text and expected text of test object 'Object Repository/Page_The MyBatis Blog/a_MyBatis 3.5.11 released' are matched.

03-03-2024T18:18:58 - [TEST_STEP][PASSED] - back(): Navigate back successfully

03-03-2024T18:18:59 - [MESSAGE][PASSED] - Navigate back successfully

03-03-2024T18:18:59 - [TEST_STEP][PASSED] - closeBrowser(): Browser is closed

03-03-2024T18:18:59 - [MESSAGE][PASSED] - Browser is closed

03-03-2024T18:18:59 - [TEST_STEP][PASSED] - Start listener action : sampleAfterTestCase: null

03-03-2024T18:18:59 - [TEST_STEP][PASSED] - println(testCaseContext.getTestCaseId()): null

03-03-2024T18:18:59 - [TEST_STEP][PASSED] - println(testCaseContext.getTestCaseStatus()): null]]></system-out>
         <system-err><![CDATA[]]></system-err>
      </testcase>
      <system-out><![CDATA[03-03-2024T18:18:45 - [TEST_SUITE][PASSED] - TS12_VerifyNavigationBatisLink: Test Cases/TC15_VeifyBatisLink]]></system-out>
      <system-err><![CDATA[]]></system-err>
   </testsuite>
</testsuites>
