<?xml version="1.0" encoding="UTF-8"?>
<testsuites name="TS11_VerifyDemoNavigation" time="65.88" tests="2" failures="0" errors="0">
   <testsuite name="TS11_VerifyDemoNavigation" tests="2" failures="0" errors="0" time="65.88" skipped="0" timestamp="03-03-2024T18:15:14" hostname="YV767ZA - IN3235365W2.ey.net" id="Test Suites/TS11_VerifyDemoNavigation">
      <properties>
         <property name="deviceName" value=""/>
         <property name="devicePlatform" value=""/>
         <property name="logFolder" value="C:\\Users\\YV767ZA\\git\\WeekendRepo\\Reports\\20240303_181510\\TS11_VerifyDemoNavigation\\20240303_181510"/>
         <property name="logFiles" value="C:\\Users\\YV767ZA\\git\\WeekendRepo\\Reports\\20240303_181510\\TS11_VerifyDemoNavigation\\20240303_181510\\execution0.log"/>
         <property name="attachments" value=""/>
         <property name="hostName" value="YV767ZA - IN3235365W2.ey.net"/>
         <property name="os" value="Windows 10 64bit"/>
         <property name="katalonVersion" value="9.3.1.212"/>
         <property name="browser" value="Edge Chromium 122"/>
         <property name="hostAddress" value="192.168.1.7"/>
         <property name="sessionId" value="dfe475356605ce4486a2807df0c3e461"/>
         <property name="seleniumVersion" value="3.141.59"/>
         <property name="proxyInformation" value="ProxyInformation { proxyOption=NO_PROXY, proxyServerType=HTTP, username=, password=********, proxyServerAddress=, proxyServerPort=0, executionList=&quot;&quot;, isApplyToDesiredCapabilities=true }"/>
         <property name="platform" value="Windows 10"/>
      </properties>
      <testcase name="Test Cases/TC13_VerifyTheNavigationOfJetPetStorewithoutLogin" time="48.464" classname="Test Cases/TC13_VerifyTheNavigationOfJetPetStorewithoutLogin" status="PASSED">
         <system-out><![CDATA[03-03-2024T18:15:15 - [TEST_CASE][PASSED] - Test Cases/TC13_VerifyTheNavigationOfJetPetStorewithoutLogin: Test Cases/TC13_VerifyTheNavigationOfJetPetStorewithoutLogin

03-03-2024T18:15:15 - [TEST_STEP][PASSED] - Start listener action : sampleBeforeTestCase: null

03-03-2024T18:15:15 - [TEST_STEP][PASSED] - println(testCaseContext.getTestCaseId()): null

03-03-2024T18:15:15 - [TEST_STEP][PASSED] - println(testCaseContext.getTestCaseVariables()): null

03-03-2024T18:15:15 - [TEST_STEP][PASSED] - Start listener action : sampleBeforeTestCase: null

03-03-2024T18:15:15 - [TEST_STEP][PASSED] - println(testCaseContext.getTestCaseId()): null

03-03-2024T18:15:15 - [TEST_STEP][PASSED] - println(testCaseContext.getTestCaseVariables()): null

03-03-2024T18:15:15 - [TEST_STEP][PASSED] - openBrowser(""): Browser is opened with url: ''

03-03-2024T18:15:15 - [MESSAGE][INFO] - Starting 'Edge Chromium' driver

03-03-2024T18:15:18 - [MESSAGE][INFO] - Action delay is set to 0 milliseconds

03-03-2024T18:15:19 - [MESSAGE][PASSED] - Browser is opened with url: ''

03-03-2024T18:15:19 - [TEST_STEP][PASSED] - navigateToUrl("https://petstore.octoperf.com/"): Navigate to 'https://petstore.octoperf.com/' successfully

03-03-2024T18:15:21 - [MESSAGE][PASSED] - Navigate to 'https://petstore.octoperf.com/' successfully

03-03-2024T18:15:21 - [TEST_STEP][PASSED] - click(findTestObject("Object Repository/Page_JPetStore Demo/a_Enter the Store")): Object: 'Object Repository/Page_JPetStore Demo/a_Enter the Store' is clicked on

03-03-2024T18:15:22 - [MESSAGE][PASSED] - Object: 'Object Repository/Page_JPetStore Demo/a_Enter the Store' is clicked on

03-03-2024T18:15:22 - [TEST_STEP][PASSED] - click(findTestObject("Object Repository/Page_JPetStore Demo/FishImg")): Object: 'Object Repository/Page_JPetStore Demo/FishImg' is clicked on

03-03-2024T18:15:23 - [MESSAGE][PASSED] - Object: 'Object Repository/Page_JPetStore Demo/FishImg' is clicked on

03-03-2024T18:15:23 - [TEST_STEP][PASSED] - click(findTestObject("Object Repository/Page_JPetStore Demo/DemoLink")): Object: 'Object Repository/Page_JPetStore Demo/DemoLink' is clicked on

03-03-2024T18:15:23 - [MESSAGE][PASSED] - Object: 'Object Repository/Page_JPetStore Demo/DemoLink' is clicked on

03-03-2024T18:15:23 - [TEST_STEP][PASSED] - click(findTestObject("Object Repository/Page_JPetStore Demo/FishImg")): Object: 'Object Repository/Page_JPetStore Demo/FishImg' is clicked on

03-03-2024T18:15:24 - [MESSAGE][PASSED] - Object: 'Object Repository/Page_JPetStore Demo/FishImg' is clicked on

03-03-2024T18:15:24 - [TEST_STEP][PASSED] - click(findTestObject("Object Repository/Page_JPetStore Demo/a_FI-SW-01")): Object: 'Object Repository/Page_JPetStore Demo/a_FI-SW-01' is clicked on

03-03-2024T18:15:24 - [MESSAGE][PASSED] - Object: 'Object Repository/Page_JPetStore Demo/a_FI-SW-01' is clicked on

03-03-2024T18:15:24 - [TEST_STEP][PASSED] - click(findTestObject("Object Repository/Page_JPetStore Demo/DemoLink")): Object: 'Object Repository/Page_JPetStore Demo/DemoLink' is clicked on

03-03-2024T18:15:25 - [MESSAGE][PASSED] - Object: 'Object Repository/Page_JPetStore Demo/DemoLink' is clicked on

03-03-2024T18:15:25 - [TEST_STEP][PASSED] - click(findTestObject("Object Repository/Page_JPetStore Demo/FishQuickLink")): Object: 'Object Repository/Page_JPetStore Demo/FishQuickLink' is clicked on

03-03-2024T18:15:26 - [MESSAGE][PASSED] - Object: 'Object Repository/Page_JPetStore Demo/FishQuickLink' is clicked on

03-03-2024T18:15:26 - [TEST_STEP][PASSED] - click(findTestObject("Object Repository/Page_JPetStore Demo/a_FI-SW-01")): Object: 'Object Repository/Page_JPetStore Demo/a_FI-SW-01' is clicked on

03-03-2024T18:15:26 - [MESSAGE][PASSED] - Object: 'Object Repository/Page_JPetStore Demo/a_FI-SW-01' is clicked on

03-03-2024T18:15:26 - [TEST_STEP][PASSED] - click(findTestObject("Object Repository/Page_JPetStore Demo/a_Add to Cart")): Object: 'Object Repository/Page_JPetStore Demo/a_Add to Cart' is clicked on

03-03-2024T18:15:57 - [MESSAGE][INFO] - Unable to find the element located by 'By.xpath: //div[@id='Catalog']/table/tbody/tr[7]/td/a'. Please recheck the objects properties to make sure the desired element is located. 

03-03-2024T18:15:57 - [MESSAGE][WARNING] - [SELF-HEALING] Failed to find element with id 'Object Repository/Page_JPetStore Demo/a_Add to Cart'. Try using Self-healing.

03-03-2024T18:15:58 - [MESSAGE][WARNING] - [SELF-HEALING] The current locator of test object 'Object Repository/Page_JPetStore Demo/a_Add to Cart' was broken. Propose an alternative one: '//a[contains(text(),'Add to Cart')]'.

03-03-2024T18:15:58 - [MESSAGE][PASSED] - Object: 'Object Repository/Page_JPetStore Demo/a_Add to Cart' is clicked on

03-03-2024T18:15:58 - [TEST_STEP][PASSED] - click(findTestObject("Object Repository/Page_JPetStore Demo/DemoLink")): Object: 'Object Repository/Page_JPetStore Demo/DemoLink' is clicked on

03-03-2024T18:15:59 - [MESSAGE][PASSED] - Object: 'Object Repository/Page_JPetStore Demo/DemoLink' is clicked on

03-03-2024T18:15:59 - [TEST_STEP][PASSED] - click(findTestObject("Object Repository/Page_JPetStore Demo/img")): Object: 'Object Repository/Page_JPetStore Demo/img' is clicked on

03-03-2024T18:15:59 - [MESSAGE][PASSED] - Object: 'Object Repository/Page_JPetStore Demo/img' is clicked on

03-03-2024T18:15:59 - [TEST_STEP][PASSED] - click(findTestObject("Object Repository/Page_JPetStore Demo/td_FI-SW-01")): Object: 'Object Repository/Page_JPetStore Demo/td_FI-SW-01' is clicked on

03-03-2024T18:16:00 - [MESSAGE][PASSED] - Object: 'Object Repository/Page_JPetStore Demo/td_FI-SW-01' is clicked on

03-03-2024T18:16:00 - [TEST_STEP][PASSED] - click(findTestObject("Object Repository/Page_JPetStore Demo/a_FI-SW-01")): Object: 'Object Repository/Page_JPetStore Demo/a_FI-SW-01' is clicked on

03-03-2024T18:16:01 - [MESSAGE][PASSED] - Object: 'Object Repository/Page_JPetStore Demo/a_FI-SW-01' is clicked on

03-03-2024T18:16:01 - [TEST_STEP][PASSED] - click(findTestObject("Object Repository/Page_JPetStore Demo/a_Add to Cart")): Object: 'Object Repository/Page_JPetStore Demo/a_Add to Cart' is clicked on

03-03-2024T18:16:01 - [MESSAGE][PASSED] - Object: 'Object Repository/Page_JPetStore Demo/a_Add to Cart' is clicked on

03-03-2024T18:16:01 - [TEST_STEP][PASSED] - click(findTestObject("Object Repository/Page_JPetStore Demo/a_Proceed to Checkout")): Object: 'Object Repository/Page_JPetStore Demo/a_Proceed to Checkout' is clicked on

03-03-2024T18:16:02 - [MESSAGE][PASSED] - Object: 'Object Repository/Page_JPetStore Demo/a_Proceed to Checkout' is clicked on

03-03-2024T18:16:02 - [TEST_STEP][PASSED] - click(findTestObject("Object Repository/Page_JPetStore Demo/DemoLink")): Object: 'Object Repository/Page_JPetStore Demo/DemoLink' is clicked on

03-03-2024T18:16:03 - [MESSAGE][PASSED] - Object: 'Object Repository/Page_JPetStore Demo/DemoLink' is clicked on

03-03-2024T18:16:03 - [TEST_STEP][PASSED] - closeBrowser(): Browser is closed

03-03-2024T18:16:03 - [MESSAGE][PASSED] - Browser is closed

03-03-2024T18:16:03 - [TEST_STEP][PASSED] - Start listener action : sampleAfterTestCase: null

03-03-2024T18:16:03 - [TEST_STEP][PASSED] - println(testCaseContext.getTestCaseId()): null

03-03-2024T18:16:03 - [TEST_STEP][PASSED] - println(testCaseContext.getTestCaseStatus()): null]]></system-out>
         <system-err><![CDATA[]]></system-err>
      </testcase>
      <testcase name="Test Cases/TC14_VerifyNavigationOfJetPetStoreAfterLogin" time="17.229" classname="Test Cases/TC14_VerifyNavigationOfJetPetStoreAfterLogin" status="PASSED">
         <system-out><![CDATA[03-03-2024T18:16:03 - [TEST_CASE][PASSED] - Test Cases/TC14_VerifyNavigationOfJetPetStoreAfterLogin: Test Cases/TC14_VerifyNavigationOfJetPetStoreAfterLogin

03-03-2024T18:16:03 - [TEST_STEP][PASSED] - Start listener action : sampleBeforeTestCase: null

03-03-2024T18:16:03 - [TEST_STEP][PASSED] - println(testCaseContext.getTestCaseId()): null

03-03-2024T18:16:03 - [TEST_STEP][PASSED] - println(testCaseContext.getTestCaseVariables()): null

03-03-2024T18:16:03 - [TEST_STEP][PASSED] - Start listener action : sampleBeforeTestCase: null

03-03-2024T18:16:03 - [TEST_STEP][PASSED] - println(testCaseContext.getTestCaseId()): null

03-03-2024T18:16:03 - [TEST_STEP][PASSED] - println(testCaseContext.getTestCaseVariables()): null

03-03-2024T18:16:03 - [TEST_STEP][PASSED] - openBrowser(""): Browser is opened with url: ''

03-03-2024T18:16:03 - [MESSAGE][INFO] - Starting 'Edge Chromium' driver

03-03-2024T18:16:06 - [MESSAGE][INFO] - Action delay is set to 0 milliseconds

03-03-2024T18:16:07 - [MESSAGE][PASSED] - Browser is opened with url: ''

03-03-2024T18:16:07 - [TEST_STEP][PASSED] - navigateToUrl("https://petstore.octoperf.com/"): Navigate to 'https://petstore.octoperf.com/' successfully

03-03-2024T18:16:08 - [MESSAGE][PASSED] - Navigate to 'https://petstore.octoperf.com/' successfully

03-03-2024T18:16:08 - [TEST_STEP][PASSED] - maximizeWindow(): Current window maximized

03-03-2024T18:16:08 - [MESSAGE][PASSED] - Current window maximized

03-03-2024T18:16:08 - [TEST_STEP][PASSED] - click(findTestObject("Object Repository/Page_JPetStore Demo/a_Enter the Store")): Object: 'Object Repository/Page_JPetStore Demo/a_Enter the Store' is clicked on

03-03-2024T18:16:10 - [MESSAGE][PASSED] - Object: 'Object Repository/Page_JPetStore Demo/a_Enter the Store' is clicked on

03-03-2024T18:16:10 - [TEST_STEP][PASSED] - click(findTestObject("Object Repository/Page_JPetStore Demo/a_Sign In")): Object: 'Object Repository/Page_JPetStore Demo/a_Sign In' is clicked on

03-03-2024T18:16:10 - [MESSAGE][PASSED] - Object: 'Object Repository/Page_JPetStore Demo/a_Sign In' is clicked on

03-03-2024T18:16:10 - [TEST_STEP][PASSED] - setText(findTestObject("Object Repository/Page_JPetStore Demo/username"), "Pushp"): Text 'Pushp' is set on object 'Object Repository/Page_JPetStore Demo/username'

03-03-2024T18:16:11 - [MESSAGE][PASSED] - Text 'Pushp' is set on object 'Object Repository/Page_JPetStore Demo/username'

03-03-2024T18:16:11 - [TEST_STEP][PASSED] - setEncryptedText(findTestObject("Object Repository/Page_JPetStore Demo/password"), "iGDxf8hSRT4="): Text ****** has been set on object 'Object Repository/Page_JPetStore Demo/password'

03-03-2024T18:16:11 - [MESSAGE][PASSED] - Text ****** has been set on object 'Object Repository/Page_JPetStore Demo/password'

03-03-2024T18:16:11 - [TEST_STEP][PASSED] - click(findTestObject("Object Repository/Page_JPetStore Demo/input_Need a user name and password_signon")): Object: 'Object Repository/Page_JPetStore Demo/input_Need a user name and password_signon' is clicked on

03-03-2024T18:16:12 - [MESSAGE][PASSED] - Object: 'Object Repository/Page_JPetStore Demo/input_Need a user name and password_signon' is clicked on

03-03-2024T18:16:12 - [TEST_STEP][PASSED] - click(findTestObject("Object Repository/Page_JPetStore Demo/FishImg")): Object: 'Object Repository/Page_JPetStore Demo/FishImg' is clicked on

03-03-2024T18:16:13 - [MESSAGE][PASSED] - Object: 'Object Repository/Page_JPetStore Demo/FishImg' is clicked on

03-03-2024T18:16:13 - [TEST_STEP][PASSED] - click(findTestObject("Object Repository/Page_JPetStore Demo/a_FI-SW-01")): Object: 'Object Repository/Page_JPetStore Demo/a_FI-SW-01' is clicked on

03-03-2024T18:16:13 - [MESSAGE][PASSED] - Object: 'Object Repository/Page_JPetStore Demo/a_FI-SW-01' is clicked on

03-03-2024T18:16:13 - [TEST_STEP][PASSED] - click(findTestObject("Object Repository/Page_JPetStore Demo/DemoLink")): Object: 'Object Repository/Page_JPetStore Demo/DemoLink' is clicked on

03-03-2024T18:16:14 - [MESSAGE][PASSED] - Object: 'Object Repository/Page_JPetStore Demo/DemoLink' is clicked on

03-03-2024T18:16:14 - [TEST_STEP][PASSED] - click(findTestObject("Object Repository/Page_JPetStore Demo/FishImg")): Object: 'Object Repository/Page_JPetStore Demo/FishImg' is clicked on

03-03-2024T18:16:14 - [MESSAGE][PASSED] - Object: 'Object Repository/Page_JPetStore Demo/FishImg' is clicked on

03-03-2024T18:16:14 - [TEST_STEP][PASSED] - click(findTestObject("Object Repository/Page_JPetStore Demo/a_FI-SW-01")): Object: 'Object Repository/Page_JPetStore Demo/a_FI-SW-01' is clicked on

03-03-2024T18:16:15 - [MESSAGE][PASSED] - Object: 'Object Repository/Page_JPetStore Demo/a_FI-SW-01' is clicked on

03-03-2024T18:16:15 - [TEST_STEP][PASSED] - click(findTestObject("Object Repository/Page_JPetStore Demo/FishQuickLink")): Object: 'Object Repository/Page_JPetStore Demo/FishQuickLink' is clicked on

03-03-2024T18:16:15 - [MESSAGE][PASSED] - Object: 'Object Repository/Page_JPetStore Demo/FishQuickLink' is clicked on

03-03-2024T18:16:15 - [TEST_STEP][PASSED] - click(findTestObject("Object Repository/Page_JPetStore Demo/a_FI-SW-01")): Object: 'Object Repository/Page_JPetStore Demo/a_FI-SW-01' is clicked on

03-03-2024T18:16:16 - [MESSAGE][PASSED] - Object: 'Object Repository/Page_JPetStore Demo/a_FI-SW-01' is clicked on

03-03-2024T18:16:16 - [TEST_STEP][PASSED] - click(findTestObject("Object Repository/Page_JPetStore Demo/a_EST-1")): Object: 'Object Repository/Page_JPetStore Demo/a_EST-1' is clicked on

03-03-2024T18:16:17 - [MESSAGE][PASSED] - Object: 'Object Repository/Page_JPetStore Demo/a_EST-1' is clicked on

03-03-2024T18:16:17 - [TEST_STEP][PASSED] - click(findTestObject("Object Repository/Page_JPetStore Demo/a_Add to Cart")): Object: 'Object Repository/Page_JPetStore Demo/a_Add to Cart' is clicked on

03-03-2024T18:16:18 - [MESSAGE][PASSED] - Object: 'Object Repository/Page_JPetStore Demo/a_Add to Cart' is clicked on

03-03-2024T18:16:18 - [TEST_STEP][PASSED] - click(findTestObject("Object Repository/Page_JPetStore Demo/a_Proceed to Checkout")): Object: 'Object Repository/Page_JPetStore Demo/a_Proceed to Checkout' is clicked on

03-03-2024T18:16:18 - [MESSAGE][PASSED] - Object: 'Object Repository/Page_JPetStore Demo/a_Proceed to Checkout' is clicked on

03-03-2024T18:16:18 - [TEST_STEP][PASSED] - click(findTestObject("Object Repository/Page_JPetStore Demo/input_Need a user name and password_password")): Object: 'Object Repository/Page_JPetStore Demo/input_Need a user name and password_password' is clicked on

03-03-2024T18:16:19 - [MESSAGE][PASSED] - Object: 'Object Repository/Page_JPetStore Demo/input_Need a user name and password_password' is clicked on

03-03-2024T18:16:19 - [TEST_STEP][PASSED] - click(findTestObject("Object Repository/Page_JPetStore Demo/a_Confirm")): Object: 'Object Repository/Page_JPetStore Demo/a_Confirm' is clicked on

03-03-2024T18:16:19 - [MESSAGE][PASSED] - Object: 'Object Repository/Page_JPetStore Demo/a_Confirm' is clicked on

03-03-2024T18:16:19 - [TEST_STEP][PASSED] - click(findTestObject("Object Repository/Page_JPetStore Demo/DemoLink")): Object: 'Object Repository/Page_JPetStore Demo/DemoLink' is clicked on

03-03-2024T18:16:20 - [MESSAGE][PASSED] - Object: 'Object Repository/Page_JPetStore Demo/DemoLink' is clicked on

03-03-2024T18:16:20 - [TEST_STEP][PASSED] - closeBrowser(): Browser is closed

03-03-2024T18:16:20 - [MESSAGE][PASSED] - Browser is closed

03-03-2024T18:16:20 - [TEST_STEP][PASSED] - Start listener action : sampleAfterTestCase: null

03-03-2024T18:16:20 - [TEST_STEP][PASSED] - println(testCaseContext.getTestCaseId()): null

03-03-2024T18:16:20 - [TEST_STEP][PASSED] - println(testCaseContext.getTestCaseStatus()): null]]></system-out>
         <system-err><![CDATA[]]></system-err>
      </testcase>
      <system-out><![CDATA[03-03-2024T18:15:14 - [TEST_SUITE][PASSED] - TS11_VerifyDemoNavigation: Test Cases/TC14_VerifyNavigationOfJetPetStoreAfterLogin]]></system-out>
      <system-err><![CDATA[]]></system-err>
   </testsuite>
</testsuites>
