<?xml version="1.0" encoding="UTF-8"?>
<testsuites name="TC10_VerifyMyAccountPage" time="17.617" tests="1" failures="0" errors="0">
   <testsuite name="TC10_VerifyMyAccountPage" tests="1" failures="0" errors="0" time="17.617" skipped="0" timestamp="03-03-2024T17:52:54" hostname="YV767ZA - IN3235365W2.ey.net" id="Test Suites/TC10_VerifyMyAccountPage">
      <properties>
         <property name="deviceName" value=""/>
         <property name="devicePlatform" value=""/>
         <property name="logFolder" value="C:\\Users\\YV767ZA\\git\\WeekendRepo\\Reports\\20240303_175249\\TC10_VerifyMyAccountPage\\20240303_175249"/>
         <property name="logFiles" value="C:\\Users\\YV767ZA\\git\\WeekendRepo\\Reports\\20240303_175249\\TC10_VerifyMyAccountPage\\20240303_175249\\execution0.log"/>
         <property name="attachments" value=""/>
         <property name="hostName" value="YV767ZA - IN3235365W2.ey.net"/>
         <property name="os" value="Windows 10 64bit"/>
         <property name="katalonVersion" value="9.3.1.212"/>
         <property name="browser" value="Edge Chromium 122"/>
         <property name="hostAddress" value="192.168.1.7"/>
         <property name="sessionId" value="94dc1bfe5b552bb4bafd1fd132f4b834"/>
         <property name="seleniumVersion" value="3.141.59"/>
         <property name="proxyInformation" value="ProxyInformation { proxyOption=NO_PROXY, proxyServerType=HTTP, username=, password=********, proxyServerAddress=, proxyServerPort=0, executionList=&quot;&quot;, isApplyToDesiredCapabilities=true }"/>
         <property name="platform" value="Windows 10"/>
      </properties>
      <testcase name="Test Cases/TC12_VerifyMyAccountPage" time="17.419" classname="Test Cases/TC12_VerifyMyAccountPage" status="PASSED">
         <system-out><![CDATA[03-03-2024T17:52:54 - [TEST_CASE][PASSED] - Test Cases/TC12_VerifyMyAccountPage: Test Cases/TC12_VerifyMyAccountPage

03-03-2024T17:52:54 - [TEST_STEP][PASSED] - Start listener action : sampleBeforeTestCase: null

03-03-2024T17:52:54 - [TEST_STEP][PASSED] - println(testCaseContext.getTestCaseId()): null

03-03-2024T17:52:54 - [TEST_STEP][PASSED] - println(testCaseContext.getTestCaseVariables()): null

03-03-2024T17:52:54 - [TEST_STEP][PASSED] - Start listener action : sampleBeforeTestCase: null

03-03-2024T17:52:54 - [TEST_STEP][PASSED] - println(testCaseContext.getTestCaseId()): null

03-03-2024T17:52:54 - [TEST_STEP][PASSED] - println(testCaseContext.getTestCaseVariables()): null

03-03-2024T17:52:54 - [TEST_STEP][PASSED] - openBrowser(""): Browser is opened with url: ''

03-03-2024T17:52:55 - [MESSAGE][INFO] - Starting 'Edge Chromium' driver

03-03-2024T17:52:57 - [MESSAGE][INFO] - Action delay is set to 0 milliseconds

03-03-2024T17:52:59 - [MESSAGE][PASSED] - Browser is opened with url: ''

03-03-2024T17:52:59 - [TEST_STEP][PASSED] - navigateToUrl("https://petstore.octoperf.com/"): Navigate to 'https://petstore.octoperf.com/' successfully

03-03-2024T17:53:01 - [MESSAGE][PASSED] - Navigate to 'https://petstore.octoperf.com/' successfully

03-03-2024T17:53:01 - [TEST_STEP][PASSED] - maximizeWindow(): Current window maximized

03-03-2024T17:53:01 - [MESSAGE][PASSED] - Current window maximized

03-03-2024T17:53:01 - [TEST_STEP][PASSED] - click(findTestObject("Object Repository/Page_JPetStore Demo/a_Enter the Store")): Object: 'Object Repository/Page_JPetStore Demo/a_Enter the Store' is clicked on

03-03-2024T17:53:02 - [MESSAGE][PASSED] - Object: 'Object Repository/Page_JPetStore Demo/a_Enter the Store' is clicked on

03-03-2024T17:53:02 - [TEST_STEP][PASSED] - click(findTestObject("Object Repository/Page_JPetStore Demo/a_Sign In")): Object: 'Object Repository/Page_JPetStore Demo/a_Sign In' is clicked on

03-03-2024T17:53:03 - [MESSAGE][PASSED] - Object: 'Object Repository/Page_JPetStore Demo/a_Sign In' is clicked on

03-03-2024T17:53:03 - [TEST_STEP][PASSED] - setText(findTestObject("Object Repository/Page_JPetStore Demo/username"), "Pushp"): Text 'Pushp' is set on object 'Object Repository/Page_JPetStore Demo/username'

03-03-2024T17:53:04 - [MESSAGE][PASSED] - Text 'Pushp' is set on object 'Object Repository/Page_JPetStore Demo/username'

03-03-2024T17:53:04 - [TEST_STEP][PASSED] - setEncryptedText(findTestObject("Object Repository/Page_JPetStore Demo/password"), "iGDxf8hSRT4="): Text ****** has been set on object 'Object Repository/Page_JPetStore Demo/password'

03-03-2024T17:53:04 - [MESSAGE][PASSED] - Text ****** has been set on object 'Object Repository/Page_JPetStore Demo/password'

03-03-2024T17:53:04 - [TEST_STEP][PASSED] - click(findTestObject("Object Repository/Page_JPetStore Demo/input_Need a user name and password_signon")): Object: 'Object Repository/Page_JPetStore Demo/input_Need a user name and password_signon' is clicked on

03-03-2024T17:53:05 - [MESSAGE][PASSED] - Object: 'Object Repository/Page_JPetStore Demo/input_Need a user name and password_signon' is clicked on

03-03-2024T17:53:05 - [TEST_STEP][PASSED] - click(findTestObject("Object Repository/Page_JPetStore Demo/FishImg")): Object: 'Object Repository/Page_JPetStore Demo/FishImg' is clicked on

03-03-2024T17:53:06 - [MESSAGE][PASSED] - Object: 'Object Repository/Page_JPetStore Demo/FishImg' is clicked on

03-03-2024T17:53:06 - [TEST_STEP][PASSED] - click(findTestObject("Object Repository/Page_JPetStore Demo/a_My Account")): Object: 'Object Repository/Page_JPetStore Demo/a_My Account' is clicked on

03-03-2024T17:53:07 - [MESSAGE][PASSED] - Object: 'Object Repository/Page_JPetStore Demo/a_My Account' is clicked on

03-03-2024T17:53:07 - [TEST_STEP][PASSED] - click(findTestObject("Object Repository/Page_JPetStore Demo/a_My Orders")): Object: 'Object Repository/Page_JPetStore Demo/a_My Orders' is clicked on

03-03-2024T17:53:07 - [MESSAGE][PASSED] - Object: 'Object Repository/Page_JPetStore Demo/a_My Orders' is clicked on

03-03-2024T17:53:07 - [TEST_STEP][PASSED] - verifyElementText(findTestObject("Object Repository/Page_JPetStore Demo/th_Order ID"), "Order ID"): Actual text and expected text of test object 'Object Repository/Page_JPetStore Demo/th_Order ID' are matched.

03-03-2024T17:53:08 - [MESSAGE][PASSED] - Actual text and expected text of test object 'Object Repository/Page_JPetStore Demo/th_Order ID' are matched.

03-03-2024T17:53:08 - [TEST_STEP][PASSED] - verifyElementText(findTestObject("Object Repository/Page_JPetStore Demo/th_Date"), "Date"): Actual text and expected text of test object 'Object Repository/Page_JPetStore Demo/th_Date' are matched.

03-03-2024T17:53:08 - [MESSAGE][PASSED] - Actual text and expected text of test object 'Object Repository/Page_JPetStore Demo/th_Date' are matched.

03-03-2024T17:53:08 - [TEST_STEP][PASSED] - verifyElementText(findTestObject("Object Repository/Page_JPetStore Demo/th_Total Price"), "Total Price"): Actual text and expected text of test object 'Object Repository/Page_JPetStore Demo/th_Total Price' are matched.

03-03-2024T17:53:09 - [MESSAGE][PASSED] - Actual text and expected text of test object 'Object Repository/Page_JPetStore Demo/th_Total Price' are matched.

03-03-2024T17:53:09 - [TEST_STEP][PASSED] - click(findTestObject("Object Repository/Page_JPetStore Demo/FishQuickLink")): Object: 'Object Repository/Page_JPetStore Demo/FishQuickLink' is clicked on

03-03-2024T17:53:09 - [MESSAGE][PASSED] - Object: 'Object Repository/Page_JPetStore Demo/FishQuickLink' is clicked on

03-03-2024T17:53:09 - [TEST_STEP][PASSED] - click(findTestObject("Object Repository/Page_JPetStore Demo/a_Return to Main Menu")): Object: 'Object Repository/Page_JPetStore Demo/a_Return to Main Menu' is clicked on

03-03-2024T17:53:10 - [MESSAGE][PASSED] - Object: 'Object Repository/Page_JPetStore Demo/a_Return to Main Menu' is clicked on

03-03-2024T17:53:10 - [TEST_STEP][PASSED] - click(findTestObject("Object Repository/Page_JPetStore Demo/a_Sign Out")): Object: 'Object Repository/Page_JPetStore Demo/a_Sign Out' is clicked on

03-03-2024T17:53:11 - [MESSAGE][PASSED] - Object: 'Object Repository/Page_JPetStore Demo/a_Sign Out' is clicked on

03-03-2024T17:53:11 - [TEST_STEP][PASSED] - closeBrowser(): Browser is closed

03-03-2024T17:53:12 - [MESSAGE][PASSED] - Browser is closed

03-03-2024T17:53:12 - [TEST_STEP][PASSED] - Start listener action : sampleAfterTestCase: null

03-03-2024T17:53:12 - [TEST_STEP][PASSED] - println(testCaseContext.getTestCaseId()): null

03-03-2024T17:53:12 - [TEST_STEP][PASSED] - println(testCaseContext.getTestCaseStatus()): null]]></system-out>
         <system-err><![CDATA[]]></system-err>
      </testcase>
      <system-out><![CDATA[03-03-2024T17:52:54 - [TEST_SUITE][PASSED] - TC10_VerifyMyAccountPage: Test Cases/TC12_VerifyMyAccountPage]]></system-out>
      <system-err><![CDATA[]]></system-err>
   </testsuite>
</testsuites>
